Duplicate on key dynamicDataUrl
	 http://opd.it-t.nl/Data/parkingdata/v1/zwolle/dynamic/2d8e6321-7108-4763-ba53-5d107ff6e674.json
	 http://opd.it-t.nl/data/parkingdata/v1/zwolle/dynamic/619e17a0-88c5-40e3-9c3a-3cd88bc92462.json
	 http://opd.it-t.nl/data/parkingdata/v1/zwolle/dynamic/cef9733a-8e00-4284-b81f-0b50cecf3716.json
Duplicate on key dynamicDataUrl
	 http://opd.it-t.nl/Data/parkingdata/v1/zwolle/dynamic/ff27bae8-ce05-40c6-8422-03da3bd7d9e1.json
	 http://opd.it-t.nl/data/parkingdata/v1/zwolle/dynamic/052da50b-176c-4d21-9477-b471e8b187f9.json
	 http://opd.it-t.nl/data/parkingdata/v1/zwolle/dynamic/3bc00fad-3622-43c4-8807-3833a5020af0.json
Duplicate on key dynamicDataUrl
	 http://opd.it-t.nl/Data/parkingdata/v1/leiden/dynamic/e93c2b96-f9b0-4e75-b3e9-354e26128963.json
	 http://opd.it-t.nl/data/parkingdata/v1/leiden/dynamic/leiden_128000006.json
Duplicate on key dynamicDataUrl
	 http://opd.it-t.nl/Data/parkingdata/v1/leiden/dynamic/1f1577a0-8bc8-49ea-a859-104b67631945.json
	 http://opd.it-t.nl/data/parkingdata/v1/leiden/dynamic/leiden_128000023.json
Duplicate on key dynamicDataUrl
	 http://opd.it-t.nl/Data/parkingdata/v1/leiden/dynamic/f077a6f7-31a5-4741-b419-7fa2633643a9.json
	 http://opd.it-t.nl/data/parkingdata/v1/leiden/dynamic/leiden_128000000.json
Duplicate on key dynamicDataUrl
	 http://opd.it-t.nl/Data/parkingdata/v1/leiden/dynamic/ec0499db-69a4-4c20-8123-c8fd55274af9.json
	 http://opd.it-t.nl/data/parkingdata/v1/leiden/dynamic/leiden_128000009.json
Duplicate on key dynamicDataUrl
	 http://opd.it-t.nl/Data/parkingdata/v1/leiden/dynamic/50946c00-4ae5-4a10-828c-ac0e239968a4.json
	 http://opd.it-t.nl/data/parkingdata/v1/leiden/dynamic/leiden_900000005.json
Duplicate on key dynamicDataUrl
	 http://opd.it-t.nl/Data/parkingdata/v1/almere/dynamic/16e1efd6-fce3-43cc-a7fc-0e08e216e718.json
	 http://opd.it-t.nl/data/parkingdata/v1/almere/dynamic/almere_900000022.json
Duplicate on key dynamicDataUrl
	 http://opd.it-t.nl/data/parkingdata/v1/zoetermeer/dynamic/zoetermeer_901000010.json
	 http://opd.it-t.nl/data/parkingdata/v1/zoetermeer/dynamic/zoetermeer_902000010.json
	 http://opd.it-t.nl/data/parkingdata/v1/zoetermeer/dynamic/zoetermeer_903000010.json
